


ARM Macro Assembler    Page 1 


    1 00000000         ;******************** (C) COPYRIGHT 2011 STMicroelectron
                       ics ********************
    2 00000000         ;* File Name          : startup_stm32f10x_md.s
    3 00000000         ;* Author             : MCD Application Team
    4 00000000         ;* Version            : V3.5.0
    5 00000000         ;* Date               : 11-March-2011
    6 00000000         ;* Description        : STM32F10x Medium Density Devices
                        vector table for MDK-ARM 
    7 00000000         ;*                      toolchain.  
    8 00000000         ;*                      This module performs:
    9 00000000         ;*                      - Set the initial SP
   10 00000000         ;*                      - Set the initial PC == Reset_Ha
                       ndler
   11 00000000         ;*                      - Set the vector table entries w
                       ith the exceptions ISR address
   12 00000000         ;*                      - Configure the clock system
   13 00000000         ;*                      - Branches to __main in the C li
                       brary (which eventually
   14 00000000         ;*                        calls main()).
   15 00000000         ;*                      After Reset the CortexM3 process
                       or is in Thread mode,
   16 00000000         ;*                      priority is Privileged, and the 
                       Stack is set to Main.
   17 00000000         ;* <<< Use Configuration Wizard in Context Menu >>>   
   18 00000000         ;*******************************************************
                       ************************
   19 00000000         ; THE PRESENT FIRMWARE WHICH IS FOR GUIDANCE ONLY AIMS A
                       T PROVIDING CUSTOMERS
   20 00000000         ; WITH CODING INFORMATION REGARDING THEIR PRODUCTS IN OR
                       DER FOR THEM TO SAVE TIME.
   21 00000000         ; AS A RESULT, STMICROELECTRONICS SHALL NOT BE HELD LIAB
                       LE FOR ANY DIRECT,
   22 00000000         ; INDIRECT OR CONSEQUENTIAL DAMAGES WITH RESPECT TO ANY 
                       CLAIMS ARISING FROM THE
   23 00000000         ; CONTENT OF SUCH FIRMWARE AND/OR THE USE MADE BY CUSTOM
                       ERS OF THE CODING
   24 00000000         ; INFORMATION CONTAINED HEREIN IN CONNECTION WITH THEIR 
                       PRODUCTS.
   25 00000000         ;*******************************************************
                       ************************
   26 00000000         
   27 00000000         ; Amount of memory (in bytes) allocated for Stack
   28 00000000         ; Tailor this value to your application needs
   29 00000000         ; <h> Stack Configuration
   30 00000000         ;   <o> Stack Size (in Bytes) <0x0-0xFFFFFFFF:8>
   31 00000000         ; </h>
   32 00000000         
   33 00000000 00000400 
                       Stack_Size
                               EQU              0x00000400
   34 00000000         
   35 00000000                 AREA             STACK, NOINIT, READWRITE, ALIGN
=3
   36 00000000         Stack_Mem
                               SPACE            Stack_Size
   37 00000400         __initial_sp
   38 00000400         
   39 00000400         
   40 00000400         ; <h> Heap Configuration



ARM Macro Assembler    Page 2 


   41 00000400         ;   <o>  Heap Size (in Bytes) <0x0-0xFFFFFFFF:8>
   42 00000400         ; </h>
   43 00000400         
   44 00000400 00000200 
                       Heap_Size
                               EQU              0x00000200
   45 00000400         
   46 00000400                 AREA             HEAP, NOINIT, READWRITE, ALIGN=
3
   47 00000000         __heap_base
   48 00000000         Heap_Mem
                               SPACE            Heap_Size
   49 00000200         __heap_limit
   50 00000200         
   51 00000200                 PRESERVE8
   52 00000200                 THUMB
   53 00000200         
   54 00000200         
   55 00000200         ; Vector Table Mapped to Address 0 at Reset
   56 00000200                 AREA             RESET, DATA, READONLY
   57 00000000                 EXPORT           __Vectors
   58 00000000                 EXPORT           __Vectors_End
   59 00000000                 EXPORT           __Vectors_Size
   60 00000000         
   61 00000000 00000000 
                       __Vectors
                               DCD              __initial_sp ; Top of Stack
   62 00000004 00000000        DCD              Reset_Handler ; Reset Handler
   63 00000008 00000000        DCD              NMI_Handler ; NMI Handler
   64 0000000C 00000000        DCD              HardFault_Handler ; Hard Fault 
                                                            Handler
   65 00000010 00000000        DCD              MemManage_Handler 
                                                            ; MPU Fault Handler
                                                            
   66 00000014 00000000        DCD              BusFault_Handler 
                                                            ; Bus Fault Handler
                                                            
   67 00000018 00000000        DCD              UsageFault_Handler ; Usage Faul
                                                            t Handler
   68 0000001C 00000000        DCD              0           ; Reserved
   69 00000020 00000000        DCD              0           ; Reserved
   70 00000024 00000000        DCD              0           ; Reserved
   71 00000028 00000000        DCD              0           ; Reserved
   72 0000002C 00000000        DCD              SVC_Handler ; SVCall Handler
   73 00000030 00000000        DCD              DebugMon_Handler ; Debug Monito
                                                            r Handler
   74 00000034 00000000        DCD              0           ; Reserved
   75 00000038 00000000        DCD              PendSV_Handler ; PendSV Handler
                                                            
   76 0000003C 00000000        DCD              SysTick_Handler 
                                                            ; SysTick Handler
   77 00000040         
   78 00000040         ; External Interrupts
   79 00000040 00000000        DCD              WWDG_IRQHandler 
                                                            ; Window Watchdog
   80 00000044 00000000        DCD              PVD_IRQHandler ; PVD through EX
                                                            TI Line detect
   81 00000048 00000000        DCD              TAMPER_IRQHandler ; Tamper
   82 0000004C 00000000        DCD              RTC_IRQHandler ; RTC



ARM Macro Assembler    Page 3 


   83 00000050 00000000        DCD              FLASH_IRQHandler ; Flash
   84 00000054 00000000        DCD              RCC_IRQHandler ; RCC
   85 00000058 00000000        DCD              EXTI0_IRQHandler ; EXTI Line 0
   86 0000005C 00000000        DCD              EXTI1_IRQHandler ; EXTI Line 1
   87 00000060 00000000        DCD              EXTI2_IRQHandler ; EXTI Line 2
   88 00000064 00000000        DCD              EXTI3_IRQHandler ; EXTI Line 3
   89 00000068 00000000        DCD              EXTI4_IRQHandler ; EXTI Line 4
   90 0000006C 00000000        DCD              DMA1_Channel1_IRQHandler 
                                                            ; DMA1 Channel 1
   91 00000070 00000000        DCD              DMA1_Channel2_IRQHandler 
                                                            ; DMA1 Channel 2
   92 00000074 00000000        DCD              DMA1_Channel3_IRQHandler 
                                                            ; DMA1 Channel 3
   93 00000078 00000000        DCD              DMA1_Channel4_IRQHandler 
                                                            ; DMA1 Channel 4
   94 0000007C 00000000        DCD              DMA1_Channel5_IRQHandler 
                                                            ; DMA1 Channel 5
   95 00000080 00000000        DCD              DMA1_Channel6_IRQHandler 
                                                            ; DMA1 Channel 6
   96 00000084 00000000        DCD              DMA1_Channel7_IRQHandler 
                                                            ; DMA1 Channel 7
   97 00000088 00000000        DCD              ADC1_2_IRQHandler ; ADC1_2
   98 0000008C 00000000        DCD              USB_HP_CAN1_TX_IRQHandler ; USB
                                                             High Priority or C
                                                            AN1 TX
   99 00000090 00000000        DCD              USB_LP_CAN1_RX0_IRQHandler ; US
                                                            B Low  Priority or 
                                                            CAN1 RX0
  100 00000094 00000000        DCD              CAN1_RX1_IRQHandler ; CAN1 RX1
  101 00000098 00000000        DCD              CAN1_SCE_IRQHandler ; CAN1 SCE
  102 0000009C 00000000        DCD              EXTI9_5_IRQHandler 
                                                            ; EXTI Line 9..5
  103 000000A0 00000000        DCD              TIM1_BRK_IRQHandler 
                                                            ; TIM1 Break
  104 000000A4 00000000        DCD              TIM1_UP_IRQHandler 
                                                            ; TIM1 Update
  105 000000A8 00000000        DCD              TIM1_TRG_COM_IRQHandler ; TIM1 
                                                            Trigger and Commuta
                                                            tion
  106 000000AC 00000000        DCD              TIM1_CC_IRQHandler ; TIM1 Captu
                                                            re Compare
  107 000000B0 00000000        DCD              TIM2_IRQHandler ; TIM2
  108 000000B4 00000000        DCD              TIM3_IRQHandler ; TIM3
  109 000000B8 00000000        DCD              TIM4_IRQHandler ; TIM4
  110 000000BC 00000000        DCD              I2C1_EV_IRQHandler ; I2C1 Event
                                                            
  111 000000C0 00000000        DCD              I2C1_ER_IRQHandler ; I2C1 Error
                                                            
  112 000000C4 00000000        DCD              I2C2_EV_IRQHandler ; I2C2 Event
                                                            
  113 000000C8 00000000        DCD              I2C2_ER_IRQHandler ; I2C2 Error
                                                            
  114 000000CC 00000000        DCD              SPI1_IRQHandler ; SPI1
  115 000000D0 00000000        DCD              SPI2_IRQHandler ; SPI2
  116 000000D4 00000000        DCD              USART1_IRQHandler ; USART1
  117 000000D8 00000000        DCD              USART2_IRQHandler ; USART2
  118 000000DC 00000000        DCD              USART3_IRQHandler ; USART3
  119 000000E0 00000000        DCD              EXTI15_10_IRQHandler 
                                                            ; EXTI Line 15..10



ARM Macro Assembler    Page 4 


  120 000000E4 00000000        DCD              RTCAlarm_IRQHandler ; RTC Alarm
                                                             through EXTI Line
  121 000000E8 00000000        DCD              USBWakeUp_IRQHandler ; USB Wake
                                                            up from suspend
  122 000000EC         __Vectors_End
  123 000000EC         
  124 000000EC 000000EC 
                       __Vectors_Size
                               EQU              __Vectors_End - __Vectors
  125 000000EC         
  126 000000EC                 AREA             |.text|, CODE, READONLY
  127 00000000         
  128 00000000         ; Reset handler
  129 00000000         Reset_Handler
                               PROC
  130 00000000                 EXPORT           Reset_Handler             [WEAK
]
  131 00000000                 IMPORT           __main
  132 00000000                 IMPORT           SystemInit
  133 00000000 480E            LDR              R0, =SystemInit
  134 00000002 4780            BLX              R0
  135 00000004 480E            LDR              R0, =__main
  136 00000006 4700            BX               R0
  137 00000008                 ENDP
  138 00000008         
  139 00000008         ; Dummy Exception Handlers (infinite loops which can be 
                       modified)
  140 00000008         
  141 00000008         NMI_Handler
                               PROC
  142 00000008                 EXPORT           NMI_Handler                [WEA
K]
  143 00000008                 IMPORT           __NMI_Handler
  144 00000008 480E            LDR              R0, =__NMI_Handler
  145 0000000A 4780            BLX              R0
  146 0000000C E7FE            B                .
  147 0000000E                 ENDP
  149 0000000E         HardFault_Handler
                               PROC
  150 0000000E                 EXPORT           HardFault_Handler          [WEA
K]
  151 0000000E                 IMPORT           __HardFault_Handler
  152 0000000E E92D 4FF0       PUSH             {R4-R11, R14}
  153 00000012 4668            MOV              R0,SP
  154 00000014 490C            LDR              R1, =__HardFault_Handler
  155 00000016 4788            BLX              R1
  156 00000018 E7FE            B                .
  157 0000001A                 ENDP
  159 0000001A         MemManage_Handler
                               PROC
  160 0000001A                 EXPORT           MemManage_Handler          [WEA
K]
  161 0000001A                 IMPORT           __MemManage_Handler
  162 0000001A 480C            LDR              R0, =__MemManage_Handler
  163 0000001C 4780            BLX              R0
  164 0000001E E7FE            B                .
  165 00000020                 ENDP
  167 00000020         BusFault_Handler
                               PROC



ARM Macro Assembler    Page 5 


  168 00000020                 EXPORT           BusFault_Handler           [WEA
K]
  169 00000020                 IMPORT           __BusFault_Handler
  170 00000020 480B            LDR              R0, =__BusFault_Handler
  171 00000022 4780            BLX              R0
  172 00000024 E7FE            B                .
  173 00000026                 ENDP
  175 00000026         UsageFault_Handler
                               PROC
  176 00000026                 EXPORT           UsageFault_Handler         [WEA
K]
  177 00000026                 IMPORT           __UsageFault_Handler
  178 00000026 480B            LDR              R0, =__UsageFault_Handler
  179 00000028 4780            BLX              R0
  180 0000002A E7FE            B                .
  181 0000002C                 ENDP
  182 0000002C         SVC_Handler
                               PROC
  183 0000002C                 EXPORT           SVC_Handler                [WEA
K]
  184 0000002C E7FE            B                .
  185 0000002E                 ENDP
  187 0000002E         DebugMon_Handler
                               PROC
  188 0000002E                 EXPORT           DebugMon_Handler           [WEA
K]
  189 0000002E                 IMPORT           __DebugMon_Handler
  190 0000002E 480A            LDR              R0, =__DebugMon_Handler
  191 00000030 4780            BLX              R0
  192 00000032 E7FE            B                .
  193 00000034                 ENDP
  194 00000034         PendSV_Handler
                               PROC
  195 00000034                 EXPORT           PendSV_Handler             [WEA
K]
  196 00000034 E7FE            B                .
  197 00000036                 ENDP
  198 00000036         SysTick_Handler
                               PROC
  199 00000036                 EXPORT           SysTick_Handler            [WEA
K]
  200 00000036 E7FE            B                .
  201 00000038                 ENDP
  202 00000038         
  203 00000038         Default_Handler
                               PROC
  204 00000038         
  205 00000038                 EXPORT           WWDG_IRQHandler            [WEA
K]
  206 00000038                 EXPORT           PVD_IRQHandler             [WEA
K]
  207 00000038                 EXPORT           TAMPER_IRQHandler          [WEA
K]
  208 00000038                 EXPORT           RTC_IRQHandler             [WEA
K]
  209 00000038                 EXPORT           FLASH_IRQHandler           [WEA
K]
  210 00000038                 EXPORT           RCC_IRQHandler             [WEA
K]



ARM Macro Assembler    Page 6 


  211 00000038                 EXPORT           EXTI0_IRQHandler           [WEA
K]
  212 00000038                 EXPORT           EXTI1_IRQHandler           [WEA
K]
  213 00000038                 EXPORT           EXTI2_IRQHandler           [WEA
K]
  214 00000038                 EXPORT           EXTI3_IRQHandler           [WEA
K]
  215 00000038                 EXPORT           EXTI4_IRQHandler           [WEA
K]
  216 00000038                 EXPORT           DMA1_Channel1_IRQHandler   [WEA
K]
  217 00000038                 EXPORT           DMA1_Channel2_IRQHandler   [WEA
K]
  218 00000038                 EXPORT           DMA1_Channel3_IRQHandler   [WEA
K]
  219 00000038                 EXPORT           DMA1_Channel4_IRQHandler   [WEA
K]
  220 00000038                 EXPORT           DMA1_Channel5_IRQHandler   [WEA
K]
  221 00000038                 EXPORT           DMA1_Channel6_IRQHandler   [WEA
K]
  222 00000038                 EXPORT           DMA1_Channel7_IRQHandler   [WEA
K]
  223 00000038                 EXPORT           ADC1_2_IRQHandler          [WEA
K]
  224 00000038                 EXPORT           USB_HP_CAN1_TX_IRQHandler  [WEA
K]
  225 00000038                 EXPORT           USB_LP_CAN1_RX0_IRQHandler [WEA
K]
  226 00000038                 EXPORT           CAN1_RX1_IRQHandler        [WEA
K]
  227 00000038                 EXPORT           CAN1_SCE_IRQHandler        [WEA
K]
  228 00000038                 EXPORT           EXTI9_5_IRQHandler         [WEA
K]
  229 00000038                 EXPORT           TIM1_BRK_IRQHandler        [WEA
K]
  230 00000038                 EXPORT           TIM1_UP_IRQHandler         [WEA
K]
  231 00000038                 EXPORT           TIM1_TRG_COM_IRQHandler    [WEA
K]
  232 00000038                 EXPORT           TIM1_CC_IRQHandler         [WEA
K]
  233 00000038                 EXPORT           TIM2_IRQHandler            [WEA
K]
  234 00000038                 EXPORT           TIM3_IRQHandler            [WEA
K]
  235 00000038                 EXPORT           TIM4_IRQHandler            [WEA
K]
  236 00000038                 EXPORT           I2C1_EV_IRQHandler         [WEA
K]
  237 00000038                 EXPORT           I2C1_ER_IRQHandler         [WEA
K]
  238 00000038                 EXPORT           I2C2_EV_IRQHandler         [WEA
K]
  239 00000038                 EXPORT           I2C2_ER_IRQHandler         [WEA
K]
  240 00000038                 EXPORT           SPI1_IRQHandler            [WEA



ARM Macro Assembler    Page 7 


K]
  241 00000038                 EXPORT           SPI2_IRQHandler            [WEA
K]
  242 00000038                 EXPORT           USART1_IRQHandler          [WEA
K]
  243 00000038                 EXPORT           USART2_IRQHandler          [WEA
K]
  244 00000038                 EXPORT           USART3_IRQHandler          [WEA
K]
  245 00000038                 EXPORT           EXTI15_10_IRQHandler       [WEA
K]
  246 00000038                 EXPORT           RTCAlarm_IRQHandler        [WEA
K]
  247 00000038                 EXPORT           USBWakeUp_IRQHandler       [WEA
K]
  248 00000038         
  249 00000038         WWDG_IRQHandler
  250 00000038         PVD_IRQHandler
  251 00000038         TAMPER_IRQHandler
  252 00000038         RTC_IRQHandler
  253 00000038         FLASH_IRQHandler
  254 00000038         RCC_IRQHandler
  255 00000038         EXTI0_IRQHandler
  256 00000038         EXTI1_IRQHandler
  257 00000038         EXTI2_IRQHandler
  258 00000038         EXTI3_IRQHandler
  259 00000038         EXTI4_IRQHandler
  260 00000038         DMA1_Channel1_IRQHandler
  261 00000038         DMA1_Channel2_IRQHandler
  262 00000038         DMA1_Channel3_IRQHandler
  263 00000038         DMA1_Channel4_IRQHandler
  264 00000038         DMA1_Channel5_IRQHandler
  265 00000038         DMA1_Channel6_IRQHandler
  266 00000038         DMA1_Channel7_IRQHandler
  267 00000038         ADC1_2_IRQHandler
  268 00000038         USB_HP_CAN1_TX_IRQHandler
  269 00000038         USB_LP_CAN1_RX0_IRQHandler
  270 00000038         CAN1_RX1_IRQHandler
  271 00000038         CAN1_SCE_IRQHandler
  272 00000038         EXTI9_5_IRQHandler
  273 00000038         TIM1_BRK_IRQHandler
  274 00000038         TIM1_UP_IRQHandler
  275 00000038         TIM1_TRG_COM_IRQHandler
  276 00000038         TIM1_CC_IRQHandler
  277 00000038         TIM2_IRQHandler
  278 00000038         TIM3_IRQHandler
  279 00000038         TIM4_IRQHandler
  280 00000038         I2C1_EV_IRQHandler
  281 00000038         I2C1_ER_IRQHandler
  282 00000038         I2C2_EV_IRQHandler
  283 00000038         I2C2_ER_IRQHandler
  284 00000038         SPI1_IRQHandler
  285 00000038         SPI2_IRQHandler
  286 00000038         USART1_IRQHandler
  287 00000038         USART2_IRQHandler
  288 00000038         USART3_IRQHandler
  289 00000038         EXTI15_10_IRQHandler
  290 00000038         RTCAlarm_IRQHandler
  291 00000038         USBWakeUp_IRQHandler



ARM Macro Assembler    Page 8 


  292 00000038         
  293 00000038 E7FE            B                .
  294 0000003A         
  295 0000003A                 ENDP
  296 0000003A         
  297 0000003A 00 00           ALIGN
  298 0000003C         
  299 0000003C         ;*******************************************************
                       ************************
  300 0000003C         ; User Stack and Heap initialization
  301 0000003C         ;*******************************************************
                       ************************
  302 0000003C                 IF               :DEF:__MICROLIB
  303 0000003C         
  304 0000003C                 EXPORT           __initial_sp
  305 0000003C                 EXPORT           __heap_base
  306 0000003C                 EXPORT           __heap_limit
  307 0000003C         
  308 0000003C                 ELSE
  323                          ENDIF
  324 0000003C         
  325 0000003C                 END
              00000000 
              00000000 
              00000000 
              00000000 
              00000000 
              00000000 
              00000000 
              00000000 
Command Line: --debug --xref --diag_suppress=9931 --cpu=Cortex-M3 --apcs=interw
ork --depend=.\objects\startup_stm32f10x_md.d -o.\objects\startup_stm32f10x_md.
o -IN:\private\1\cmsis-dap-wireless\software\host\ble\stm32_usb_shell\RTE -IN:\
private\1\cmsis-dap-wireless\software\host\ble\stm32_usb_shell\RTE\Device\STM32
F103C8 -IC:\Keil_v5\ARM\PACK\ARM\CMSIS\5.3.0\CMSIS\Include -IC:\Keil_v5\ARM\PAC
K\Keil\STM32F1xx_DFP\1.0.5\Device\Include -IC:\Keil_v5\ARM\PACK\Keil\STM32F1xx_
DFP\1.0.5\Device\StdPeriph_Driver\inc --predefine="__MICROLIB SETA 1" --predefi
ne="__UVISION_VERSION SETA 515" --predefine="_RTE_ SETA 1" --predefine="STM32F1
0X_MD SETA 1" --list=.\listings\startup_stm32f10x_md.lst RTE\Device\STM32F103C8
\startup_stm32f10x_md.s



ARM Macro Assembler    Page 1 Alphabetic symbol ordering
Relocatable symbols

STACK 00000000

Symbol: STACK
   Definitions
      At line 35 in file RTE\Device\STM32F103C8\startup_stm32f10x_md.s
   Uses
      None
Comment: STACK unused
Stack_Mem 00000000

Symbol: Stack_Mem
   Definitions
      At line 36 in file RTE\Device\STM32F103C8\startup_stm32f10x_md.s
   Uses
      None
Comment: Stack_Mem unused
__initial_sp 00000400

Symbol: __initial_sp
   Definitions
      At line 37 in file RTE\Device\STM32F103C8\startup_stm32f10x_md.s
   Uses
      At line 61 in file RTE\Device\STM32F103C8\startup_stm32f10x_md.s
      At line 304 in file RTE\Device\STM32F103C8\startup_stm32f10x_md.s

3 symbols



ARM Macro Assembler    Page 1 Alphabetic symbol ordering
Relocatable symbols

HEAP 00000000

Symbol: HEAP
   Definitions
      At line 46 in file RTE\Device\STM32F103C8\startup_stm32f10x_md.s
   Uses
      None
Comment: HEAP unused
Heap_Mem 00000000

Symbol: Heap_Mem
   Definitions
      At line 48 in file RTE\Device\STM32F103C8\startup_stm32f10x_md.s
   Uses
      None
Comment: Heap_Mem unused
__heap_base 00000000

Symbol: __heap_base
   Definitions
      At line 47 in file RTE\Device\STM32F103C8\startup_stm32f10x_md.s
   Uses
      At line 305 in file RTE\Device\STM32F103C8\startup_stm32f10x_md.s
Comment: __heap_base used once
__heap_limit 00000200

Symbol: __heap_limit
   Definitions
      At line 49 in file RTE\Device\STM32F103C8\startup_stm32f10x_md.s
   Uses
      At line 306 in file RTE\Device\STM32F103C8\startup_stm32f10x_md.s
Comment: __heap_limit used once
4 symbols



ARM Macro Assembler    Page 1 Alphabetic symbol ordering
Relocatable symbols

RESET 00000000

Symbol: RESET
   Definitions
      At line 56 in file RTE\Device\STM32F103C8\startup_stm32f10x_md.s
   Uses
      None
Comment: RESET unused
__Vectors 00000000

Symbol: __Vectors
   Definitions
      At line 61 in file RTE\Device\STM32F103C8\startup_stm32f10x_md.s
   Uses
      At line 57 in file RTE\Device\STM32F103C8\startup_stm32f10x_md.s
      At line 124 in file RTE\Device\STM32F103C8\startup_stm32f10x_md.s

__Vectors_End 000000EC

Symbol: __Vectors_End
   Definitions
      At line 122 in file RTE\Device\STM32F103C8\startup_stm32f10x_md.s
   Uses
      At line 58 in file RTE\Device\STM32F103C8\startup_stm32f10x_md.s
      At line 124 in file RTE\Device\STM32F103C8\startup_stm32f10x_md.s

3 symbols



ARM Macro Assembler    Page 1 Alphabetic symbol ordering
Relocatable symbols

.text 00000000

Symbol: .text
   Definitions
      At line 126 in file RTE\Device\STM32F103C8\startup_stm32f10x_md.s
   Uses
      None
Comment: .text unused
ADC1_2_IRQHandler 00000038

Symbol: ADC1_2_IRQHandler
   Definitions
      At line 267 in file RTE\Device\STM32F103C8\startup_stm32f10x_md.s
   Uses
      At line 97 in file RTE\Device\STM32F103C8\startup_stm32f10x_md.s
      At line 223 in file RTE\Device\STM32F103C8\startup_stm32f10x_md.s

BusFault_Handler 00000020

Symbol: BusFault_Handler
   Definitions
      At line 167 in file RTE\Device\STM32F103C8\startup_stm32f10x_md.s
   Uses
      At line 66 in file RTE\Device\STM32F103C8\startup_stm32f10x_md.s
      At line 168 in file RTE\Device\STM32F103C8\startup_stm32f10x_md.s

CAN1_RX1_IRQHandler 00000038

Symbol: CAN1_RX1_IRQHandler
   Definitions
      At line 270 in file RTE\Device\STM32F103C8\startup_stm32f10x_md.s
   Uses
      At line 100 in file RTE\Device\STM32F103C8\startup_stm32f10x_md.s
      At line 226 in file RTE\Device\STM32F103C8\startup_stm32f10x_md.s

CAN1_SCE_IRQHandler 00000038

Symbol: CAN1_SCE_IRQHandler
   Definitions
      At line 271 in file RTE\Device\STM32F103C8\startup_stm32f10x_md.s
   Uses
      At line 101 in file RTE\Device\STM32F103C8\startup_stm32f10x_md.s
      At line 227 in file RTE\Device\STM32F103C8\startup_stm32f10x_md.s

DMA1_Channel1_IRQHandler 00000038

Symbol: DMA1_Channel1_IRQHandler
   Definitions
      At line 260 in file RTE\Device\STM32F103C8\startup_stm32f10x_md.s
   Uses
      At line 90 in file RTE\Device\STM32F103C8\startup_stm32f10x_md.s
      At line 216 in file RTE\Device\STM32F103C8\startup_stm32f10x_md.s

DMA1_Channel2_IRQHandler 00000038

Symbol: DMA1_Channel2_IRQHandler
   Definitions
      At line 261 in file RTE\Device\STM32F103C8\startup_stm32f10x_md.s
   Uses



ARM Macro Assembler    Page 2 Alphabetic symbol ordering
Relocatable symbols

      At line 91 in file RTE\Device\STM32F103C8\startup_stm32f10x_md.s
      At line 217 in file RTE\Device\STM32F103C8\startup_stm32f10x_md.s

DMA1_Channel3_IRQHandler 00000038

Symbol: DMA1_Channel3_IRQHandler
   Definitions
      At line 262 in file RTE\Device\STM32F103C8\startup_stm32f10x_md.s
   Uses
      At line 92 in file RTE\Device\STM32F103C8\startup_stm32f10x_md.s
      At line 218 in file RTE\Device\STM32F103C8\startup_stm32f10x_md.s

DMA1_Channel4_IRQHandler 00000038

Symbol: DMA1_Channel4_IRQHandler
   Definitions
      At line 263 in file RTE\Device\STM32F103C8\startup_stm32f10x_md.s
   Uses
      At line 93 in file RTE\Device\STM32F103C8\startup_stm32f10x_md.s
      At line 219 in file RTE\Device\STM32F103C8\startup_stm32f10x_md.s

DMA1_Channel5_IRQHandler 00000038

Symbol: DMA1_Channel5_IRQHandler
   Definitions
      At line 264 in file RTE\Device\STM32F103C8\startup_stm32f10x_md.s
   Uses
      At line 94 in file RTE\Device\STM32F103C8\startup_stm32f10x_md.s
      At line 220 in file RTE\Device\STM32F103C8\startup_stm32f10x_md.s

DMA1_Channel6_IRQHandler 00000038

Symbol: DMA1_Channel6_IRQHandler
   Definitions
      At line 265 in file RTE\Device\STM32F103C8\startup_stm32f10x_md.s
   Uses
      At line 95 in file RTE\Device\STM32F103C8\startup_stm32f10x_md.s
      At line 221 in file RTE\Device\STM32F103C8\startup_stm32f10x_md.s

DMA1_Channel7_IRQHandler 00000038

Symbol: DMA1_Channel7_IRQHandler
   Definitions
      At line 266 in file RTE\Device\STM32F103C8\startup_stm32f10x_md.s
   Uses
      At line 96 in file RTE\Device\STM32F103C8\startup_stm32f10x_md.s
      At line 222 in file RTE\Device\STM32F103C8\startup_stm32f10x_md.s

DebugMon_Handler 0000002E

Symbol: DebugMon_Handler
   Definitions
      At line 187 in file RTE\Device\STM32F103C8\startup_stm32f10x_md.s
   Uses
      At line 73 in file RTE\Device\STM32F103C8\startup_stm32f10x_md.s
      At line 188 in file RTE\Device\STM32F103C8\startup_stm32f10x_md.s

Default_Handler 00000038




ARM Macro Assembler    Page 3 Alphabetic symbol ordering
Relocatable symbols

Symbol: Default_Handler
   Definitions
      At line 203 in file RTE\Device\STM32F103C8\startup_stm32f10x_md.s
   Uses
      None
Comment: Default_Handler unused
EXTI0_IRQHandler 00000038

Symbol: EXTI0_IRQHandler
   Definitions
      At line 255 in file RTE\Device\STM32F103C8\startup_stm32f10x_md.s
   Uses
      At line 85 in file RTE\Device\STM32F103C8\startup_stm32f10x_md.s
      At line 211 in file RTE\Device\STM32F103C8\startup_stm32f10x_md.s

EXTI15_10_IRQHandler 00000038

Symbol: EXTI15_10_IRQHandler
   Definitions
      At line 289 in file RTE\Device\STM32F103C8\startup_stm32f10x_md.s
   Uses
      At line 119 in file RTE\Device\STM32F103C8\startup_stm32f10x_md.s
      At line 245 in file RTE\Device\STM32F103C8\startup_stm32f10x_md.s

EXTI1_IRQHandler 00000038

Symbol: EXTI1_IRQHandler
   Definitions
      At line 256 in file RTE\Device\STM32F103C8\startup_stm32f10x_md.s
   Uses
      At line 86 in file RTE\Device\STM32F103C8\startup_stm32f10x_md.s
      At line 212 in file RTE\Device\STM32F103C8\startup_stm32f10x_md.s

EXTI2_IRQHandler 00000038

Symbol: EXTI2_IRQHandler
   Definitions
      At line 257 in file RTE\Device\STM32F103C8\startup_stm32f10x_md.s
   Uses
      At line 87 in file RTE\Device\STM32F103C8\startup_stm32f10x_md.s
      At line 213 in file RTE\Device\STM32F103C8\startup_stm32f10x_md.s

EXTI3_IRQHandler 00000038

Symbol: EXTI3_IRQHandler
   Definitions
      At line 258 in file RTE\Device\STM32F103C8\startup_stm32f10x_md.s
   Uses
      At line 88 in file RTE\Device\STM32F103C8\startup_stm32f10x_md.s
      At line 214 in file RTE\Device\STM32F103C8\startup_stm32f10x_md.s

EXTI4_IRQHandler 00000038

Symbol: EXTI4_IRQHandler
   Definitions
      At line 259 in file RTE\Device\STM32F103C8\startup_stm32f10x_md.s
   Uses
      At line 89 in file RTE\Device\STM32F103C8\startup_stm32f10x_md.s
      At line 215 in file RTE\Device\STM32F103C8\startup_stm32f10x_md.s



ARM Macro Assembler    Page 4 Alphabetic symbol ordering
Relocatable symbols


EXTI9_5_IRQHandler 00000038

Symbol: EXTI9_5_IRQHandler
   Definitions
      At line 272 in file RTE\Device\STM32F103C8\startup_stm32f10x_md.s
   Uses
      At line 102 in file RTE\Device\STM32F103C8\startup_stm32f10x_md.s
      At line 228 in file RTE\Device\STM32F103C8\startup_stm32f10x_md.s

FLASH_IRQHandler 00000038

Symbol: FLASH_IRQHandler
   Definitions
      At line 253 in file RTE\Device\STM32F103C8\startup_stm32f10x_md.s
   Uses
      At line 83 in file RTE\Device\STM32F103C8\startup_stm32f10x_md.s
      At line 209 in file RTE\Device\STM32F103C8\startup_stm32f10x_md.s

HardFault_Handler 0000000E

Symbol: HardFault_Handler
   Definitions
      At line 149 in file RTE\Device\STM32F103C8\startup_stm32f10x_md.s
   Uses
      At line 64 in file RTE\Device\STM32F103C8\startup_stm32f10x_md.s
      At line 150 in file RTE\Device\STM32F103C8\startup_stm32f10x_md.s

I2C1_ER_IRQHandler 00000038

Symbol: I2C1_ER_IRQHandler
   Definitions
      At line 281 in file RTE\Device\STM32F103C8\startup_stm32f10x_md.s
   Uses
      At line 111 in file RTE\Device\STM32F103C8\startup_stm32f10x_md.s
      At line 237 in file RTE\Device\STM32F103C8\startup_stm32f10x_md.s

I2C1_EV_IRQHandler 00000038

Symbol: I2C1_EV_IRQHandler
   Definitions
      At line 280 in file RTE\Device\STM32F103C8\startup_stm32f10x_md.s
   Uses
      At line 110 in file RTE\Device\STM32F103C8\startup_stm32f10x_md.s
      At line 236 in file RTE\Device\STM32F103C8\startup_stm32f10x_md.s

I2C2_ER_IRQHandler 00000038

Symbol: I2C2_ER_IRQHandler
   Definitions
      At line 283 in file RTE\Device\STM32F103C8\startup_stm32f10x_md.s
   Uses
      At line 113 in file RTE\Device\STM32F103C8\startup_stm32f10x_md.s
      At line 239 in file RTE\Device\STM32F103C8\startup_stm32f10x_md.s

I2C2_EV_IRQHandler 00000038

Symbol: I2C2_EV_IRQHandler
   Definitions



ARM Macro Assembler    Page 5 Alphabetic symbol ordering
Relocatable symbols

      At line 282 in file RTE\Device\STM32F103C8\startup_stm32f10x_md.s
   Uses
      At line 112 in file RTE\Device\STM32F103C8\startup_stm32f10x_md.s
      At line 238 in file RTE\Device\STM32F103C8\startup_stm32f10x_md.s

MemManage_Handler 0000001A

Symbol: MemManage_Handler
   Definitions
      At line 159 in file RTE\Device\STM32F103C8\startup_stm32f10x_md.s
   Uses
      At line 65 in file RTE\Device\STM32F103C8\startup_stm32f10x_md.s
      At line 160 in file RTE\Device\STM32F103C8\startup_stm32f10x_md.s

NMI_Handler 00000008

Symbol: NMI_Handler
   Definitions
      At line 141 in file RTE\Device\STM32F103C8\startup_stm32f10x_md.s
   Uses
      At line 63 in file RTE\Device\STM32F103C8\startup_stm32f10x_md.s
      At line 142 in file RTE\Device\STM32F103C8\startup_stm32f10x_md.s

PVD_IRQHandler 00000038

Symbol: PVD_IRQHandler
   Definitions
      At line 250 in file RTE\Device\STM32F103C8\startup_stm32f10x_md.s
   Uses
      At line 80 in file RTE\Device\STM32F103C8\startup_stm32f10x_md.s
      At line 206 in file RTE\Device\STM32F103C8\startup_stm32f10x_md.s

PendSV_Handler 00000034

Symbol: PendSV_Handler
   Definitions
      At line 194 in file RTE\Device\STM32F103C8\startup_stm32f10x_md.s
   Uses
      At line 75 in file RTE\Device\STM32F103C8\startup_stm32f10x_md.s
      At line 195 in file RTE\Device\STM32F103C8\startup_stm32f10x_md.s

RCC_IRQHandler 00000038

Symbol: RCC_IRQHandler
   Definitions
      At line 254 in file RTE\Device\STM32F103C8\startup_stm32f10x_md.s
   Uses
      At line 84 in file RTE\Device\STM32F103C8\startup_stm32f10x_md.s
      At line 210 in file RTE\Device\STM32F103C8\startup_stm32f10x_md.s

RTCAlarm_IRQHandler 00000038

Symbol: RTCAlarm_IRQHandler
   Definitions
      At line 290 in file RTE\Device\STM32F103C8\startup_stm32f10x_md.s
   Uses
      At line 120 in file RTE\Device\STM32F103C8\startup_stm32f10x_md.s
      At line 246 in file RTE\Device\STM32F103C8\startup_stm32f10x_md.s




ARM Macro Assembler    Page 6 Alphabetic symbol ordering
Relocatable symbols

RTC_IRQHandler 00000038

Symbol: RTC_IRQHandler
   Definitions
      At line 252 in file RTE\Device\STM32F103C8\startup_stm32f10x_md.s
   Uses
      At line 82 in file RTE\Device\STM32F103C8\startup_stm32f10x_md.s
      At line 208 in file RTE\Device\STM32F103C8\startup_stm32f10x_md.s

Reset_Handler 00000000

Symbol: Reset_Handler
   Definitions
      At line 129 in file RTE\Device\STM32F103C8\startup_stm32f10x_md.s
   Uses
      At line 62 in file RTE\Device\STM32F103C8\startup_stm32f10x_md.s
      At line 130 in file RTE\Device\STM32F103C8\startup_stm32f10x_md.s

SPI1_IRQHandler 00000038

Symbol: SPI1_IRQHandler
   Definitions
      At line 284 in file RTE\Device\STM32F103C8\startup_stm32f10x_md.s
   Uses
      At line 114 in file RTE\Device\STM32F103C8\startup_stm32f10x_md.s
      At line 240 in file RTE\Device\STM32F103C8\startup_stm32f10x_md.s

SPI2_IRQHandler 00000038

Symbol: SPI2_IRQHandler
   Definitions
      At line 285 in file RTE\Device\STM32F103C8\startup_stm32f10x_md.s
   Uses
      At line 115 in file RTE\Device\STM32F103C8\startup_stm32f10x_md.s
      At line 241 in file RTE\Device\STM32F103C8\startup_stm32f10x_md.s

SVC_Handler 0000002C

Symbol: SVC_Handler
   Definitions
      At line 182 in file RTE\Device\STM32F103C8\startup_stm32f10x_md.s
   Uses
      At line 72 in file RTE\Device\STM32F103C8\startup_stm32f10x_md.s
      At line 183 in file RTE\Device\STM32F103C8\startup_stm32f10x_md.s

SysTick_Handler 00000036

Symbol: SysTick_Handler
   Definitions
      At line 198 in file RTE\Device\STM32F103C8\startup_stm32f10x_md.s
   Uses
      At line 76 in file RTE\Device\STM32F103C8\startup_stm32f10x_md.s
      At line 199 in file RTE\Device\STM32F103C8\startup_stm32f10x_md.s

TAMPER_IRQHandler 00000038

Symbol: TAMPER_IRQHandler
   Definitions
      At line 251 in file RTE\Device\STM32F103C8\startup_stm32f10x_md.s



ARM Macro Assembler    Page 7 Alphabetic symbol ordering
Relocatable symbols

   Uses
      At line 81 in file RTE\Device\STM32F103C8\startup_stm32f10x_md.s
      At line 207 in file RTE\Device\STM32F103C8\startup_stm32f10x_md.s

TIM1_BRK_IRQHandler 00000038

Symbol: TIM1_BRK_IRQHandler
   Definitions
      At line 273 in file RTE\Device\STM32F103C8\startup_stm32f10x_md.s
   Uses
      At line 103 in file RTE\Device\STM32F103C8\startup_stm32f10x_md.s
      At line 229 in file RTE\Device\STM32F103C8\startup_stm32f10x_md.s

TIM1_CC_IRQHandler 00000038

Symbol: TIM1_CC_IRQHandler
   Definitions
      At line 276 in file RTE\Device\STM32F103C8\startup_stm32f10x_md.s
   Uses
      At line 106 in file RTE\Device\STM32F103C8\startup_stm32f10x_md.s
      At line 232 in file RTE\Device\STM32F103C8\startup_stm32f10x_md.s

TIM1_TRG_COM_IRQHandler 00000038

Symbol: TIM1_TRG_COM_IRQHandler
   Definitions
      At line 275 in file RTE\Device\STM32F103C8\startup_stm32f10x_md.s
   Uses
      At line 105 in file RTE\Device\STM32F103C8\startup_stm32f10x_md.s
      At line 231 in file RTE\Device\STM32F103C8\startup_stm32f10x_md.s

TIM1_UP_IRQHandler 00000038

Symbol: TIM1_UP_IRQHandler
   Definitions
      At line 274 in file RTE\Device\STM32F103C8\startup_stm32f10x_md.s
   Uses
      At line 104 in file RTE\Device\STM32F103C8\startup_stm32f10x_md.s
      At line 230 in file RTE\Device\STM32F103C8\startup_stm32f10x_md.s

TIM2_IRQHandler 00000038

Symbol: TIM2_IRQHandler
   Definitions
      At line 277 in file RTE\Device\STM32F103C8\startup_stm32f10x_md.s
   Uses
      At line 107 in file RTE\Device\STM32F103C8\startup_stm32f10x_md.s
      At line 233 in file RTE\Device\STM32F103C8\startup_stm32f10x_md.s

TIM3_IRQHandler 00000038

Symbol: TIM3_IRQHandler
   Definitions
      At line 278 in file RTE\Device\STM32F103C8\startup_stm32f10x_md.s
   Uses
      At line 108 in file RTE\Device\STM32F103C8\startup_stm32f10x_md.s
      At line 234 in file RTE\Device\STM32F103C8\startup_stm32f10x_md.s

TIM4_IRQHandler 00000038



ARM Macro Assembler    Page 8 Alphabetic symbol ordering
Relocatable symbols


Symbol: TIM4_IRQHandler
   Definitions
      At line 279 in file RTE\Device\STM32F103C8\startup_stm32f10x_md.s
   Uses
      At line 109 in file RTE\Device\STM32F103C8\startup_stm32f10x_md.s
      At line 235 in file RTE\Device\STM32F103C8\startup_stm32f10x_md.s

USART1_IRQHandler 00000038

Symbol: USART1_IRQHandler
   Definitions
      At line 286 in file RTE\Device\STM32F103C8\startup_stm32f10x_md.s
   Uses
      At line 116 in file RTE\Device\STM32F103C8\startup_stm32f10x_md.s
      At line 242 in file RTE\Device\STM32F103C8\startup_stm32f10x_md.s

USART2_IRQHandler 00000038

Symbol: USART2_IRQHandler
   Definitions
      At line 287 in file RTE\Device\STM32F103C8\startup_stm32f10x_md.s
   Uses
      At line 117 in file RTE\Device\STM32F103C8\startup_stm32f10x_md.s
      At line 243 in file RTE\Device\STM32F103C8\startup_stm32f10x_md.s

USART3_IRQHandler 00000038

Symbol: USART3_IRQHandler
   Definitions
      At line 288 in file RTE\Device\STM32F103C8\startup_stm32f10x_md.s
   Uses
      At line 118 in file RTE\Device\STM32F103C8\startup_stm32f10x_md.s
      At line 244 in file RTE\Device\STM32F103C8\startup_stm32f10x_md.s

USBWakeUp_IRQHandler 00000038

Symbol: USBWakeUp_IRQHandler
   Definitions
      At line 291 in file RTE\Device\STM32F103C8\startup_stm32f10x_md.s
   Uses
      At line 121 in file RTE\Device\STM32F103C8\startup_stm32f10x_md.s
      At line 247 in file RTE\Device\STM32F103C8\startup_stm32f10x_md.s

USB_HP_CAN1_TX_IRQHandler 00000038

Symbol: USB_HP_CAN1_TX_IRQHandler
   Definitions
      At line 268 in file RTE\Device\STM32F103C8\startup_stm32f10x_md.s
   Uses
      At line 98 in file RTE\Device\STM32F103C8\startup_stm32f10x_md.s
      At line 224 in file RTE\Device\STM32F103C8\startup_stm32f10x_md.s

USB_LP_CAN1_RX0_IRQHandler 00000038

Symbol: USB_LP_CAN1_RX0_IRQHandler
   Definitions
      At line 269 in file RTE\Device\STM32F103C8\startup_stm32f10x_md.s
   Uses



ARM Macro Assembler    Page 9 Alphabetic symbol ordering
Relocatable symbols

      At line 99 in file RTE\Device\STM32F103C8\startup_stm32f10x_md.s
      At line 225 in file RTE\Device\STM32F103C8\startup_stm32f10x_md.s

UsageFault_Handler 00000026

Symbol: UsageFault_Handler
   Definitions
      At line 175 in file RTE\Device\STM32F103C8\startup_stm32f10x_md.s
   Uses
      At line 67 in file RTE\Device\STM32F103C8\startup_stm32f10x_md.s
      At line 176 in file RTE\Device\STM32F103C8\startup_stm32f10x_md.s

WWDG_IRQHandler 00000038

Symbol: WWDG_IRQHandler
   Definitions
      At line 249 in file RTE\Device\STM32F103C8\startup_stm32f10x_md.s
   Uses
      At line 79 in file RTE\Device\STM32F103C8\startup_stm32f10x_md.s
      At line 205 in file RTE\Device\STM32F103C8\startup_stm32f10x_md.s

55 symbols



ARM Macro Assembler    Page 1 Alphabetic symbol ordering
Absolute symbols

Heap_Size 00000200

Symbol: Heap_Size
   Definitions
      At line 44 in file RTE\Device\STM32F103C8\startup_stm32f10x_md.s
   Uses
      At line 48 in file RTE\Device\STM32F103C8\startup_stm32f10x_md.s
Comment: Heap_Size used once
Stack_Size 00000400

Symbol: Stack_Size
   Definitions
      At line 33 in file RTE\Device\STM32F103C8\startup_stm32f10x_md.s
   Uses
      At line 36 in file RTE\Device\STM32F103C8\startup_stm32f10x_md.s
Comment: Stack_Size used once
__Vectors_Size 000000EC

Symbol: __Vectors_Size
   Definitions
      At line 124 in file RTE\Device\STM32F103C8\startup_stm32f10x_md.s
   Uses
      At line 59 in file RTE\Device\STM32F103C8\startup_stm32f10x_md.s
Comment: __Vectors_Size used once
3 symbols



ARM Macro Assembler    Page 1 Alphabetic symbol ordering
External symbols

SystemInit 00000000

Symbol: SystemInit
   Definitions
      At line 132 in file RTE\Device\STM32F103C8\startup_stm32f10x_md.s
   Uses
      At line 133 in file RTE\Device\STM32F103C8\startup_stm32f10x_md.s
Comment: SystemInit used once
__BusFault_Handler 00000000

Symbol: __BusFault_Handler
   Definitions
      At line 169 in file RTE\Device\STM32F103C8\startup_stm32f10x_md.s
   Uses
      At line 170 in file RTE\Device\STM32F103C8\startup_stm32f10x_md.s
Comment: __BusFault_Handler used once
__DebugMon_Handler 00000000

Symbol: __DebugMon_Handler
   Definitions
      At line 189 in file RTE\Device\STM32F103C8\startup_stm32f10x_md.s
   Uses
      At line 190 in file RTE\Device\STM32F103C8\startup_stm32f10x_md.s
Comment: __DebugMon_Handler used once
__HardFault_Handler 00000000

Symbol: __HardFault_Handler
   Definitions
      At line 151 in file RTE\Device\STM32F103C8\startup_stm32f10x_md.s
   Uses
      At line 154 in file RTE\Device\STM32F103C8\startup_stm32f10x_md.s
Comment: __HardFault_Handler used once
__MemManage_Handler 00000000

Symbol: __MemManage_Handler
   Definitions
      At line 161 in file RTE\Device\STM32F103C8\startup_stm32f10x_md.s
   Uses
      At line 162 in file RTE\Device\STM32F103C8\startup_stm32f10x_md.s
Comment: __MemManage_Handler used once
__NMI_Handler 00000000

Symbol: __NMI_Handler
   Definitions
      At line 143 in file RTE\Device\STM32F103C8\startup_stm32f10x_md.s
   Uses
      At line 144 in file RTE\Device\STM32F103C8\startup_stm32f10x_md.s
Comment: __NMI_Handler used once
__UsageFault_Handler 00000000

Symbol: __UsageFault_Handler
   Definitions
      At line 177 in file RTE\Device\STM32F103C8\startup_stm32f10x_md.s
   Uses
      At line 178 in file RTE\Device\STM32F103C8\startup_stm32f10x_md.s
Comment: __UsageFault_Handler used once
__main 00000000

Symbol: __main



ARM Macro Assembler    Page 2 Alphabetic symbol ordering
External symbols

   Definitions
      At line 131 in file RTE\Device\STM32F103C8\startup_stm32f10x_md.s
   Uses
      At line 135 in file RTE\Device\STM32F103C8\startup_stm32f10x_md.s
Comment: __main used once
8 symbols
412 symbols in table
